<?xml version="1.0" encoding="UTF-8"?>
<testsuite xmlns:xsi="http://www.w3.org/2001/XMLSchema-instance" xsi:noNamespaceSchemaLocation="https://maven.apache.org/surefire/maven-surefire-plugin/xsd/surefire-test-report.xsd" name="GraphTest" time="0.037" tests="9" errors="0" skipped="0" failures="0">
  <properties>
[...]
</properties>
  <testcase name="testAddNode" classname="GraphTest" time="0.019"/>
  <testcase name="testRemoveNode" classname="GraphTest" time="0.001"/>
  <testcase name="testFeature1" classname="GraphTest" time="0.005"/>
  <testcase name="testFeature2" classname="GraphTest" time="0.001"/>
  <testcase name="testFeature3" classname="GraphTest" time="0.001"/>
  <testcase name="testFeature4" classname="GraphTest" time="0.001"/>
  <testcase name="testRemoveNonexistentEdge" classname="GraphTest" time="0.001"/>
  <testcase name="testRemoveNonexistentNode" classname="GraphTest" time="0"/>
  <testcase name="testAddAndRemoveEdge" classname="GraphTest" time="0.001"/>
</testsuite>